{"/Users/mitch/Desktop/Nology/mitch-spring-todolist/frontend/src/components/TaskCard/TaskCard.tsx": {"path":"/Users/mitch/Desktop/Nology/mitch-spring-todolist/frontend/src/components/TaskCard/TaskCard.tsx","statementMap":{"0":{"start":{"line":8,"column":17},"end":{"line":54,"column":1}},"1":{"start":{"line":9,"column":21},"end":{"line":15,"column":3}},"2":{"start":{"line":10,"column":4},"end":{"line":13,"column":5}},"3":{"start":{"line":11,"column":28},"end":{"line":11,"column":46}},"4":{"start":{"line":12,"column":6},"end":{"line":12,"column":30}},"5":{"start":{"line":14,"column":4},"end":{"line":14,"column":25}},"6":{"start":{"line":17,"column":21},"end":{"line":24,"column":3}},"7":{"start":{"line":18,"column":4},"end":{"line":22,"column":5}},"8":{"start":{"line":19,"column":28},"end":{"line":19,"column":46}},"9":{"start":{"line":20,"column":24},"end":{"line":20,"column":52}},"10":{"start":{"line":21,"column":6},"end":{"line":21,"column":23}},"11":{"start":{"line":23,"column":4},"end":{"line":23,"column":25}},"12":{"start":{"line":26,"column":25},"end":{"line":41,"column":3}},"13":{"start":{"line":27,"column":4},"end":{"line":40,"column":5}},"14":{"start":{"line":29,"column":8},"end":{"line":29,"column":29}},"15":{"start":{"line":31,"column":8},"end":{"line":31,"column":30}},"16":{"start":{"line":33,"column":8},"end":{"line":33,"column":33}},"17":{"start":{"line":35,"column":8},"end":{"line":35,"column":31}},"18":{"start":{"line":37,"column":8},"end":{"line":37,"column":24}},"19":{"start":{"line":39,"column":8},"end":{"line":39,"column":29}},"20":{"start":{"line":43,"column":2},"end":{"line":53,"column":4}},"21":{"start":{"line":56,"column":0},"end":{"line":56,"column":24}}},"fnMap":{"0":{"name":"(anonymous_0)","decl":{"start":{"line":8,"column":17},"end":{"line":8,"column":18}},"loc":{"start":{"line":8,"column":45},"end":{"line":54,"column":1}}},"1":{"name":"(anonymous_1)","decl":{"start":{"line":9,"column":21},"end":{"line":9,"column":22}},"loc":{"start":{"line":9,"column":41},"end":{"line":15,"column":3}}},"2":{"name":"(anonymous_2)","decl":{"start":{"line":17,"column":21},"end":{"line":17,"column":22}},"loc":{"start":{"line":17,"column":41},"end":{"line":24,"column":3}}},"3":{"name":"(anonymous_3)","decl":{"start":{"line":26,"column":25},"end":{"line":26,"column":26}},"loc":{"start":{"line":26,"column":46},"end":{"line":41,"column":3}}}},"branchMap":{"0":{"loc":{"start":{"line":10,"column":4},"end":{"line":13,"column":5}},"type":"if","locations":[{"start":{"line":10,"column":4},"end":{"line":13,"column":5}}]},"1":{"loc":{"start":{"line":18,"column":4},"end":{"line":22,"column":5}},"type":"if","locations":[{"start":{"line":18,"column":4},"end":{"line":22,"column":5}}]},"2":{"loc":{"start":{"line":27,"column":4},"end":{"line":40,"column":5}},"type":"switch","locations":[{"start":{"line":28,"column":6},"end":{"line":29,"column":29}},{"start":{"line":30,"column":6},"end":{"line":31,"column":30}},{"start":{"line":32,"column":6},"end":{"line":33,"column":33}},{"start":{"line":34,"column":6},"end":{"line":35,"column":31}},{"start":{"line":36,"column":6},"end":{"line":37,"column":24}},{"start":{"line":38,"column":6},"end":{"line":39,"column":29}}]}},"s":{"0":1,"1":6,"2":6,"3":6,"4":6,"5":0,"6":6,"7":6,"8":6,"9":6,"10":6,"11":0,"12":6,"13":6,"14":0,"15":0,"16":6,"17":0,"18":0,"19":0,"20":6,"21":1},"f":{"0":6,"1":6,"2":6,"3":6},"b":{"0":[6],"1":[6],"2":[0,0,6,0,0,0]}}
,"/Users/mitch/Desktop/Nology/mitch-spring-todolist/frontend/src/pages/TasksPage/TasksPage.tsx": {"path":"/Users/mitch/Desktop/Nology/mitch-spring-todolist/frontend/src/pages/TasksPage/TasksPage.tsx","statementMap":{"0":{"start":{"line":1,"column":0},"end":{"line":1,"column":44}},"1":{"start":{"line":2,"column":0},"end":{"line":2,"column":null}},"2":{"start":{"line":8,"column":0},"end":{"line":8,"column":58}},"3":{"start":{"line":9,"column":0},"end":{"line":9,"column":73}},"4":{"start":{"line":11,"column":0},"end":{"line":11,"column":null}},"5":{"start":{"line":12,"column":2},"end":{"line":12,"column":null}},"6":{"start":{"line":13,"column":2},"end":{"line":13,"column":null}},"7":{"start":{"line":24,"column":26},"end":{"line":30,"column":2}},"8":{"start":{"line":32,"column":18},"end":{"line":125,"column":1}},"9":{"start":{"line":33,"column":28},"end":{"line":33,"column":48}},"10":{"start":{"line":34,"column":32},"end":{"line":34,"column":56}},"11":{"start":{"line":35,"column":38},"end":{"line":35,"column":62}},"12":{"start":{"line":36,"column":40},"end":{"line":36,"column":75}},"13":{"start":{"line":37,"column":36},"end":{"line":37,"column":63}},"14":{"start":{"line":39,"column":2},"end":{"line":41,"column":9}},"15":{"start":{"line":40,"column":4},"end":{"line":40,"column":16}},"16":{"start":{"line":43,"column":20},"end":{"line":49,"column":3}},"17":{"start":{"line":44,"column":4},"end":{"line":44,"column":21}},"18":{"start":{"line":45,"column":4},"end":{"line":48,"column":40}},"19":{"start":{"line":46,"column":21},"end":{"line":46,"column":34}},"20":{"start":{"line":47,"column":27},"end":{"line":47,"column":50}},"21":{"start":{"line":48,"column":21},"end":{"line":48,"column":38}},"22":{"start":{"line":51,"column":24},"end":{"line":66,"column":3}},"23":{"start":{"line":52,"column":4},"end":{"line":65,"column":5}},"24":{"start":{"line":53,"column":21},"end":{"line":53,"column":42}},"25":{"start":{"line":54,"column":6},"end":{"line":59,"column":7}},"26":{"start":{"line":55,"column":8},"end":{"line":58,"column":30}},"27":{"start":{"line":56,"column":22},"end":{"line":56,"column":42}},"28":{"start":{"line":57,"column":31},"end":{"line":57,"column":47}},"29":{"start":{"line":60,"column":11},"end":{"line":65,"column":5}},"30":{"start":{"line":61,"column":6},"end":{"line":64,"column":28}},"31":{"start":{"line":62,"column":20},"end":{"line":62,"column":40}},"32":{"start":{"line":63,"column":29},"end":{"line":63,"column":45}},"33":{"start":{"line":68,"column":20},"end":{"line":72,"column":3}},"34":{"start":{"line":69,"column":4},"end":{"line":69,"column":40}},"35":{"start":{"line":70,"column":4},"end":{"line":70,"column":24}},"36":{"start":{"line":71,"column":4},"end":{"line":71,"column":30}},"37":{"start":{"line":74,"column":21},"end":{"line":78,"column":3}},"38":{"start":{"line":75,"column":4},"end":{"line":75,"column":40}},"39":{"start":{"line":76,"column":4},"end":{"line":76,"column":24}},"40":{"start":{"line":77,"column":4},"end":{"line":77,"column":23}},"41":{"start":{"line":80,"column":23},"end":{"line":86,"column":3}},"42":{"start":{"line":81,"column":19},"end":{"line":81,"column":34}},"43":{"start":{"line":82,"column":4},"end":{"line":85,"column":26}},"44":{"start":{"line":83,"column":18},"end":{"line":83,"column":51}},"45":{"start":{"line":84,"column":27},"end":{"line":84,"column":43}},"46":{"start":{"line":88,"column":2},"end":{"line":124,"column":4}},"47":{"start":{"line":95,"column":12},"end":{"line":110,"column":14}},"48":{"start":{"line":100,"column":20},"end":{"line":100,"column":36}},"49":{"start":{"line":106,"column":39},"end":{"line":106,"column":56}},"50":{"start":{"line":127,"column":0},"end":{"line":127,"column":25}}},"fnMap":{"0":{"name":"(anonymous_0)","decl":{"start":{"line":11,"column":0},"end":{"line":11,"column":12}},"loc":{"start":{"line":11,"column":24},"end":{"line":14,"column":1}}},"1":{"name":"(anonymous_1)","decl":{"start":{"line":32,"column":18},"end":{"line":32,"column":21}},"loc":{"start":{"line":32,"column":23},"end":{"line":125,"column":1}}},"2":{"name":"(anonymous_2)","decl":{"start":{"line":39,"column":12},"end":{"line":39,"column":15}},"loc":{"start":{"line":39,"column":17},"end":{"line":41,"column":3}}},"3":{"name":"(anonymous_3)","decl":{"start":{"line":43,"column":20},"end":{"line":43,"column":25}},"loc":{"start":{"line":43,"column":31},"end":{"line":49,"column":3}}},"4":{"name":"(anonymous_4)","decl":{"start":{"line":46,"column":12},"end":{"line":46,"column":13}},"loc":{"start":{"line":46,"column":21},"end":{"line":46,"column":34}}},"5":{"name":"(anonymous_5)","decl":{"start":{"line":47,"column":13},"end":{"line":47,"column":14}},"loc":{"start":{"line":47,"column":27},"end":{"line":47,"column":50}}},"6":{"name":"(anonymous_6)","decl":{"start":{"line":48,"column":15},"end":{"line":48,"column":18}},"loc":{"start":{"line":48,"column":21},"end":{"line":48,"column":38}}},"7":{"name":"(anonymous_7)","decl":{"start":{"line":51,"column":24},"end":{"line":51,"column":25}},"loc":{"start":{"line":51,"column":39},"end":{"line":66,"column":3}}},"8":{"name":"(anonymous_8)","decl":{"start":{"line":56,"column":16},"end":{"line":56,"column":19}},"loc":{"start":{"line":56,"column":22},"end":{"line":56,"column":42}}},"9":{"name":"(anonymous_9)","decl":{"start":{"line":57,"column":17},"end":{"line":57,"column":18}},"loc":{"start":{"line":57,"column":31},"end":{"line":57,"column":47}}},"10":{"name":"(anonymous_10)","decl":{"start":{"line":62,"column":14},"end":{"line":62,"column":17}},"loc":{"start":{"line":62,"column":20},"end":{"line":62,"column":40}}},"11":{"name":"(anonymous_11)","decl":{"start":{"line":63,"column":15},"end":{"line":63,"column":16}},"loc":{"start":{"line":63,"column":29},"end":{"line":63,"column":45}}},"12":{"name":"(anonymous_12)","decl":{"start":{"line":68,"column":20},"end":{"line":68,"column":23}},"loc":{"start":{"line":68,"column":25},"end":{"line":72,"column":3}}},"13":{"name":"(anonymous_13)","decl":{"start":{"line":74,"column":21},"end":{"line":74,"column":22}},"loc":{"start":{"line":74,"column":36},"end":{"line":78,"column":3}}},"14":{"name":"(anonymous_14)","decl":{"start":{"line":80,"column":23},"end":{"line":80,"column":24}},"loc":{"start":{"line":80,"column":38},"end":{"line":86,"column":3}}},"15":{"name":"(anonymous_15)","decl":{"start":{"line":83,"column":12},"end":{"line":83,"column":15}},"loc":{"start":{"line":83,"column":18},"end":{"line":83,"column":51}}},"16":{"name":"(anonymous_16)","decl":{"start":{"line":84,"column":13},"end":{"line":84,"column":14}},"loc":{"start":{"line":84,"column":27},"end":{"line":84,"column":43}}},"17":{"name":"(anonymous_17)","decl":{"start":{"line":94,"column":20},"end":{"line":94,"column":21}},"loc":{"start":{"line":94,"column":28},"end":{"line":111,"column":11}}},"18":{"name":"(anonymous_18)","decl":{"start":{"line":99,"column":27},"end":{"line":99,"column":30}},"loc":{"start":{"line":99,"column":32},"end":{"line":101,"column":19}}},"19":{"name":"(anonymous_19)","decl":{"start":{"line":106,"column":33},"end":{"line":106,"column":36}},"loc":{"start":{"line":106,"column":39},"end":{"line":106,"column":56}}}},"branchMap":{"0":{"loc":{"start":{"line":11,"column":12},"end":{"line":11,"column":null}},"type":"binary-expr","locations":[{"start":{"line":11,"column":12},"end":{"line":11,"column":24}},{"start":{"line":11,"column":24},"end":{"line":11,"column":null}}]},"1":{"loc":{"start":{"line":52,"column":4},"end":{"line":65,"column":5}},"type":"if","locations":[{"start":{"line":52,"column":4},"end":{"line":65,"column":5}},{"start":{"line":60,"column":11},"end":{"line":65,"column":5}}]},"2":{"loc":{"start":{"line":54,"column":6},"end":{"line":59,"column":7}},"type":"if","locations":[{"start":{"line":54,"column":6},"end":{"line":59,"column":7}}]},"3":{"loc":{"start":{"line":60,"column":11},"end":{"line":65,"column":5}},"type":"if","locations":[{"start":{"line":60,"column":11},"end":{"line":65,"column":5}}]},"4":{"loc":{"start":{"line":93,"column":9},"end":{"line":111,"column":12}},"type":"binary-expr","locations":[{"start":{"line":93,"column":9},"end":{"line":93,"column":17}},{"start":{"line":94,"column":10},"end":{"line":111,"column":12}}]},"5":{"loc":{"start":{"line":113,"column":7},"end":{"line":121,"column":null}},"type":"binary-expr","locations":[{"start":{"line":113,"column":7},"end":{"line":113,"column":17}},{"start":{"line":114,"column":8},"end":{"line":120,"column":null}}]}},"s":{"0":1,"1":1,"2":1,"3":1,"4":1,"5":1,"6":1,"7":1,"8":1,"9":18,"10":17,"11":17,"12":17,"13":17,"14":17,"15":5,"16":17,"17":6,"18":6,"19":6,"20":0,"21":6,"22":17,"23":0,"24":0,"25":0,"26":0,"27":0,"28":0,"29":0,"30":0,"31":0,"32":0,"33":17,"34":1,"35":1,"36":1,"37":17,"38":1,"39":1,"40":1,"41":17,"42":1,"43":1,"44":1,"45":0,"46":17,"47":7,"48":1,"49":1,"50":1},"f":{"0":1,"1":18,"2":5,"3":6,"4":6,"5":0,"6":6,"7":0,"8":0,"9":0,"10":0,"11":0,"12":1,"13":1,"14":1,"15":1,"16":0,"17":7,"18":1,"19":1},"b":{"0":[1,1],"1":[0,0],"2":[0],"3":[0],"4":[17,12],"5":[17,2]}}
}
