{"/Users/mitch/Desktop/Nology/mitch-spring-todolist/frontend/mocks/fileMock.js": {"path":"/Users/mitch/Desktop/Nology/mitch-spring-todolist/frontend/mocks/fileMock.js","statementMap":{"0":{"start":{"line":1,"column":0},"end":{"line":1,"column":20}}},"fnMap":{},"branchMap":{},"s":{"0":3},"f":{},"b":{},"inputSourceMap":null,"_coverageSchema":"1a1c01bbd47fc00a2c39e90264f33305004495a9","hash":"1deda390efadd5c89eef4f989c61e964a747607b"}
,"/Users/mitch/Desktop/Nology/mitch-spring-todolist/frontend/src/components/EditTaskModal/EditTaskModal.tsx": {"path":"/Users/mitch/Desktop/Nology/mitch-spring-todolist/frontend/src/components/EditTaskModal/EditTaskModal.tsx","statementMap":{"0":{"start":{"line":1,"column":0},"end":{"line":1,"column":42}},"1":{"start":{"line":2,"column":0},"end":{"line":2,"column":42}},"2":{"start":{"line":4,"column":0},"end":{"line":4,"column":49}},"3":{"start":{"line":14,"column":22},"end":{"line":93,"column":1}},"4":{"start":{"line":21,"column":20},"end":{"line":21,"column":58}},"5":{"start":{"line":22,"column":44},"end":{"line":22,"column":59}},"6":{"start":{"line":24,"column":2},"end":{"line":31,"column":37}},"7":{"start":{"line":25,"column":26},"end":{"line":25,"column":43}},"8":{"start":{"line":26,"column":4},"end":{"line":30,"column":5}},"9":{"start":{"line":27,"column":6},"end":{"line":27,"column":32}},"10":{"start":{"line":28,"column":11},"end":{"line":30,"column":5}},"11":{"start":{"line":29,"column":6},"end":{"line":29,"column":28}},"12":{"start":{"line":33,"column":2},"end":{"line":92,"column":4}},"13":{"start":{"line":40,"column":27},"end":{"line":40,"column":47}},"14":{"start":{"line":95,"column":0},"end":{"line":95,"column":29}}},"fnMap":{"0":{"name":"(anonymous_0)","decl":{"start":{"line":14,"column":22},"end":{"line":14,"column":23}},"loc":{"start":{"line":20,"column":25},"end":{"line":93,"column":1}}},"1":{"name":"(anonymous_1)","decl":{"start":{"line":24,"column":12},"end":{"line":24,"column":15}},"loc":{"start":{"line":24,"column":17},"end":{"line":31,"column":3}}},"2":{"name":"(anonymous_2)","decl":{"start":{"line":40,"column":21},"end":{"line":40,"column":24}},"loc":{"start":{"line":40,"column":27},"end":{"line":40,"column":47}}}},"branchMap":{"0":{"loc":{"start":{"line":26,"column":4},"end":{"line":30,"column":5}},"type":"if","locations":[{"start":{"line":26,"column":4},"end":{"line":30,"column":5}},{"start":{"line":28,"column":11},"end":{"line":30,"column":5}}]},"1":{"loc":{"start":{"line":26,"column":8},"end":{"line":26,"column":35}},"type":"binary-expr","locations":[{"start":{"line":26,"column":8},"end":{"line":26,"column":18}},{"start":{"line":26,"column":22},"end":{"line":26,"column":35}}]},"2":{"loc":{"start":{"line":28,"column":11},"end":{"line":30,"column":5}},"type":"if","locations":[{"start":{"line":28,"column":11},"end":{"line":30,"column":5}}]}},"s":{"0":1,"1":1,"2":1,"3":1,"4":1,"5":1,"6":1,"7":1,"8":1,"9":1,"10":0,"11":0,"12":1,"13":0,"14":1},"f":{"0":1,"1":1,"2":0},"b":{"0":[1,0],"1":[1,1],"2":[0]}}
,"/Users/mitch/Desktop/Nology/mitch-spring-todolist/frontend/src/components/Header/Header.tsx": {"path":"/Users/mitch/Desktop/Nology/mitch-spring-todolist/frontend/src/components/Header/Header.tsx","statementMap":{"0":{"start":{"line":1,"column":0},"end":{"line":1,"column":42}},"1":{"start":{"line":3,"column":15},"end":{"line":5,"column":1}},"2":{"start":{"line":4,"column":2},"end":{"line":4,"column":55}},"3":{"start":{"line":7,"column":0},"end":{"line":7,"column":22}}},"fnMap":{"0":{"name":"(anonymous_0)","decl":{"start":{"line":3,"column":15},"end":{"line":3,"column":18}},"loc":{"start":{"line":3,"column":20},"end":{"line":5,"column":1}}}},"branchMap":{},"s":{"0":2,"1":2,"2":16,"3":2},"f":{"0":16},"b":{}}
,"/Users/mitch/Desktop/Nology/mitch-spring-todolist/frontend/src/components/TaskCard/TaskCard.tsx": {"path":"/Users/mitch/Desktop/Nology/mitch-spring-todolist/frontend/src/components/TaskCard/TaskCard.tsx","statementMap":{"0":{"start":{"line":1,"column":0},"end":{"line":1,"column":44}},"1":{"start":{"line":3,"column":0},"end":{"line":3,"column":57}},"2":{"start":{"line":4,"column":0},"end":{"line":4,"column":55}},"3":{"start":{"line":5,"column":0},"end":{"line":5,"column":44}},"4":{"start":{"line":14,"column":17},"end":{"line":104,"column":1}},"5":{"start":{"line":15,"column":36},"end":{"line":15,"column":51}},"6":{"start":{"line":17,"column":2},"end":{"line":19,"column":18}},"7":{"start":{"line":18,"column":4},"end":{"line":18,"column":24}},"8":{"start":{"line":21,"column":21},"end":{"line":27,"column":3}},"9":{"start":{"line":22,"column":4},"end":{"line":25,"column":5}},"10":{"start":{"line":23,"column":28},"end":{"line":23,"column":46}},"11":{"start":{"line":24,"column":6},"end":{"line":24,"column":35}},"12":{"start":{"line":26,"column":4},"end":{"line":26,"column":25}},"13":{"start":{"line":29,"column":21},"end":{"line":36,"column":3}},"14":{"start":{"line":30,"column":4},"end":{"line":34,"column":5}},"15":{"start":{"line":31,"column":28},"end":{"line":31,"column":46}},"16":{"start":{"line":32,"column":24},"end":{"line":32,"column":52}},"17":{"start":{"line":33,"column":6},"end":{"line":33,"column":23}},"18":{"start":{"line":35,"column":4},"end":{"line":35,"column":25}},"19":{"start":{"line":38,"column":25},"end":{"line":53,"column":3}},"20":{"start":{"line":39,"column":4},"end":{"line":52,"column":5}},"21":{"start":{"line":41,"column":8},"end":{"line":41,"column":29}},"22":{"start":{"line":43,"column":8},"end":{"line":43,"column":30}},"23":{"start":{"line":45,"column":8},"end":{"line":45,"column":33}},"24":{"start":{"line":47,"column":8},"end":{"line":47,"column":31}},"25":{"start":{"line":49,"column":8},"end":{"line":49,"column":24}},"26":{"start":{"line":51,"column":8},"end":{"line":51,"column":29}},"27":{"start":{"line":55,"column":23},"end":{"line":61,"column":3}},"28":{"start":{"line":56,"column":30},"end":{"line":56,"column":48}},"29":{"start":{"line":57,"column":4},"end":{"line":59,"column":5}},"30":{"start":{"line":58,"column":6},"end":{"line":58,"column":35}},"31":{"start":{"line":60,"column":4},"end":{"line":60,"column":29}},"32":{"start":{"line":63,"column":2},"end":{"line":103,"column":4}},"33":{"start":{"line":69,"column":10},"end":{"line":69,"column":35}},"34":{"start":{"line":87,"column":12},"end":{"line":87,"column":29}},"35":{"start":{"line":95,"column":25},"end":{"line":95,"column":43}},"36":{"start":{"line":106,"column":0},"end":{"line":106,"column":24}}},"fnMap":{"0":{"name":"(anonymous_0)","decl":{"start":{"line":14,"column":17},"end":{"line":14,"column":18}},"loc":{"start":{"line":14,"column":71},"end":{"line":104,"column":1}}},"1":{"name":"(anonymous_1)","decl":{"start":{"line":17,"column":12},"end":{"line":17,"column":15}},"loc":{"start":{"line":17,"column":17},"end":{"line":19,"column":3}}},"2":{"name":"(anonymous_2)","decl":{"start":{"line":21,"column":21},"end":{"line":21,"column":22}},"loc":{"start":{"line":21,"column":41},"end":{"line":27,"column":3}}},"3":{"name":"(anonymous_3)","decl":{"start":{"line":29,"column":21},"end":{"line":29,"column":22}},"loc":{"start":{"line":29,"column":41},"end":{"line":36,"column":3}}},"4":{"name":"(anonymous_4)","decl":{"start":{"line":38,"column":25},"end":{"line":38,"column":26}},"loc":{"start":{"line":38,"column":46},"end":{"line":53,"column":3}}},"5":{"name":"(anonymous_5)","decl":{"start":{"line":55,"column":23},"end":{"line":55,"column":34}},"loc":{"start":{"line":55,"column":36},"end":{"line":61,"column":3}}},"6":{"name":"(anonymous_6)","decl":{"start":{"line":68,"column":18},"end":{"line":68,"column":21}},"loc":{"start":{"line":68,"column":23},"end":{"line":70,"column":9}}},"7":{"name":"(anonymous_7)","decl":{"start":{"line":86,"column":19},"end":{"line":86,"column":22}},"loc":{"start":{"line":86,"column":24},"end":{"line":88,"column":11}}},"8":{"name":"(anonymous_8)","decl":{"start":{"line":95,"column":19},"end":{"line":95,"column":22}},"loc":{"start":{"line":95,"column":25},"end":{"line":95,"column":43}}}},"branchMap":{"0":{"loc":{"start":{"line":22,"column":4},"end":{"line":25,"column":5}},"type":"if","locations":[{"start":{"line":22,"column":4},"end":{"line":25,"column":5}}]},"1":{"loc":{"start":{"line":30,"column":4},"end":{"line":34,"column":5}},"type":"if","locations":[{"start":{"line":30,"column":4},"end":{"line":34,"column":5}}]},"2":{"loc":{"start":{"line":39,"column":4},"end":{"line":52,"column":5}},"type":"switch","locations":[{"start":{"line":40,"column":6},"end":{"line":41,"column":29}},{"start":{"line":42,"column":6},"end":{"line":43,"column":30}},{"start":{"line":44,"column":6},"end":{"line":45,"column":33}},{"start":{"line":46,"column":6},"end":{"line":47,"column":31}},{"start":{"line":48,"column":6},"end":{"line":49,"column":24}},{"start":{"line":50,"column":6},"end":{"line":51,"column":29}}]},"3":{"loc":{"start":{"line":57,"column":4},"end":{"line":59,"column":5}},"type":"if","locations":[{"start":{"line":57,"column":4},"end":{"line":59,"column":5}}]}},"s":{"0":3,"1":3,"2":3,"3":3,"4":3,"5":15,"6":15,"7":9,"8":15,"9":15,"10":9,"11":9,"12":6,"13":15,"14":15,"15":9,"16":9,"17":9,"18":6,"19":15,"20":15,"21":1,"22":1,"23":10,"24":1,"25":1,"26":1,"27":15,"28":15,"29":15,"30":0,"31":15,"32":15,"33":0,"34":1,"35":1,"36":3},"f":{"0":15,"1":9,"2":15,"3":15,"4":15,"5":15,"6":0,"7":1,"8":1},"b":{"0":[9],"1":[9],"2":[1,1,10,1,1,1],"3":[0]}}
,"/Users/mitch/Desktop/Nology/mitch-spring-todolist/frontend/src/containers/TasksContainer/TasksContainer.tsx": {"path":"/Users/mitch/Desktop/Nology/mitch-spring-todolist/frontend/src/containers/TasksContainer/TasksContainer.tsx","statementMap":{"0":{"start":{"line":1,"column":0},"end":{"line":1,"column":50}},"1":{"start":{"line":3,"column":0},"end":{"line":3,"column":58}},"2":{"start":{"line":13,"column":23},"end":{"line":37,"column":1}},"3":{"start":{"line":20,"column":2},"end":{"line":36,"column":4}},"4":{"start":{"line":25,"column":10},"end":{"line":33,"column":12}},"5":{"start":{"line":39,"column":0},"end":{"line":39,"column":30}}},"fnMap":{"0":{"name":"(anonymous_0)","decl":{"start":{"line":13,"column":23},"end":{"line":13,"column":24}},"loc":{"start":{"line":19,"column":26},"end":{"line":37,"column":1}}},"1":{"name":"(anonymous_1)","decl":{"start":{"line":24,"column":18},"end":{"line":24,"column":19}},"loc":{"start":{"line":24,"column":26},"end":{"line":34,"column":9}}}},"branchMap":{"0":{"loc":{"start":{"line":22,"column":9},"end":{"line":22,"column":71}},"type":"binary-expr","locations":[{"start":{"line":22,"column":9},"end":{"line":22,"column":27}},{"start":{"line":22,"column":31},"end":{"line":22,"column":71}}]},"1":{"loc":{"start":{"line":23,"column":7},"end":{"line":34,"column":10}},"type":"binary-expr","locations":[{"start":{"line":23,"column":7},"end":{"line":23,"column":15}},{"start":{"line":24,"column":8},"end":{"line":34,"column":10}}]}},"s":{"0":2,"1":2,"2":2,"3":16,"4":6,"5":2},"f":{"0":16,"1":6},"b":{"0":[16,10],"1":[16,11]}}
,"/Users/mitch/Desktop/Nology/mitch-spring-todolist/frontend/src/pages/TasksPage/TasksPage.tsx": {"path":"/Users/mitch/Desktop/Nology/mitch-spring-todolist/frontend/src/pages/TasksPage/TasksPage.tsx","statementMap":{"0":{"start":{"line":1,"column":0},"end":{"line":1,"column":44}},"1":{"start":{"line":2,"column":0},"end":{"line":2,"column":null}},"2":{"start":{"line":9,"column":0},"end":{"line":9,"column":73}},"3":{"start":{"line":10,"column":0},"end":{"line":10,"column":45}},"4":{"start":{"line":11,"column":0},"end":{"line":11,"column":52}},"5":{"start":{"line":12,"column":0},"end":{"line":12,"column":76}},"6":{"start":{"line":14,"column":0},"end":{"line":14,"column":null}},"7":{"start":{"line":15,"column":2},"end":{"line":15,"column":null}},"8":{"start":{"line":16,"column":2},"end":{"line":16,"column":null}},"9":{"start":{"line":27,"column":26},"end":{"line":33,"column":2}},"10":{"start":{"line":35,"column":18},"end":{"line":125,"column":1}},"11":{"start":{"line":36,"column":28},"end":{"line":36,"column":48}},"12":{"start":{"line":37,"column":32},"end":{"line":37,"column":56}},"13":{"start":{"line":38,"column":38},"end":{"line":38,"column":62}},"14":{"start":{"line":39,"column":40},"end":{"line":39,"column":75}},"15":{"start":{"line":40,"column":36},"end":{"line":40,"column":63}},"16":{"start":{"line":43,"column":2},"end":{"line":45,"column":9}},"17":{"start":{"line":44,"column":4},"end":{"line":44,"column":16}},"18":{"start":{"line":47,"column":20},"end":{"line":53,"column":3}},"19":{"start":{"line":48,"column":4},"end":{"line":48,"column":21}},"20":{"start":{"line":49,"column":4},"end":{"line":52,"column":40}},"21":{"start":{"line":50,"column":21},"end":{"line":50,"column":34}},"22":{"start":{"line":51,"column":27},"end":{"line":51,"column":43}},"23":{"start":{"line":52,"column":21},"end":{"line":52,"column":38}},"24":{"start":{"line":55,"column":24},"end":{"line":72,"column":3}},"25":{"start":{"line":56,"column":4},"end":{"line":71,"column":5}},"26":{"start":{"line":57,"column":21},"end":{"line":57,"column":42}},"27":{"start":{"line":58,"column":6},"end":{"line":64,"column":7}},"28":{"start":{"line":59,"column":8},"end":{"line":59,"column":29}},"29":{"start":{"line":60,"column":8},"end":{"line":62,"column":49}},"30":{"start":{"line":62,"column":31},"end":{"line":62,"column":47}},"31":{"start":{"line":65,"column":11},"end":{"line":71,"column":5}},"32":{"start":{"line":66,"column":6},"end":{"line":66,"column":27}},"33":{"start":{"line":67,"column":6},"end":{"line":69,"column":47}},"34":{"start":{"line":69,"column":29},"end":{"line":69,"column":45}},"35":{"start":{"line":74,"column":20},"end":{"line":78,"column":3}},"36":{"start":{"line":75,"column":4},"end":{"line":75,"column":40}},"37":{"start":{"line":76,"column":4},"end":{"line":76,"column":24}},"38":{"start":{"line":77,"column":4},"end":{"line":77,"column":30}},"39":{"start":{"line":80,"column":21},"end":{"line":84,"column":3}},"40":{"start":{"line":81,"column":4},"end":{"line":81,"column":40}},"41":{"start":{"line":82,"column":4},"end":{"line":82,"column":24}},"42":{"start":{"line":83,"column":4},"end":{"line":83,"column":23}},"43":{"start":{"line":86,"column":23},"end":{"line":92,"column":3}},"44":{"start":{"line":87,"column":19},"end":{"line":87,"column":34}},"45":{"start":{"line":88,"column":4},"end":{"line":91,"column":26}},"46":{"start":{"line":89,"column":18},"end":{"line":89,"column":51}},"47":{"start":{"line":90,"column":27},"end":{"line":90,"column":43}},"48":{"start":{"line":96,"column":2},"end":{"line":124,"column":4}},"49":{"start":{"line":127,"column":0},"end":{"line":127,"column":25}}},"fnMap":{"0":{"name":"(anonymous_0)","decl":{"start":{"line":14,"column":0},"end":{"line":14,"column":12}},"loc":{"start":{"line":14,"column":24},"end":{"line":17,"column":1}}},"1":{"name":"(anonymous_1)","decl":{"start":{"line":35,"column":18},"end":{"line":35,"column":21}},"loc":{"start":{"line":35,"column":23},"end":{"line":125,"column":1}}},"2":{"name":"(anonymous_2)","decl":{"start":{"line":43,"column":12},"end":{"line":43,"column":15}},"loc":{"start":{"line":43,"column":17},"end":{"line":45,"column":3}}},"3":{"name":"(anonymous_3)","decl":{"start":{"line":47,"column":20},"end":{"line":47,"column":25}},"loc":{"start":{"line":47,"column":31},"end":{"line":53,"column":3}}},"4":{"name":"(anonymous_4)","decl":{"start":{"line":50,"column":12},"end":{"line":50,"column":13}},"loc":{"start":{"line":50,"column":21},"end":{"line":50,"column":34}}},"5":{"name":"(anonymous_5)","decl":{"start":{"line":51,"column":13},"end":{"line":51,"column":14}},"loc":{"start":{"line":51,"column":27},"end":{"line":51,"column":43}}},"6":{"name":"(anonymous_6)","decl":{"start":{"line":52,"column":15},"end":{"line":52,"column":18}},"loc":{"start":{"line":52,"column":21},"end":{"line":52,"column":38}}},"7":{"name":"(anonymous_7)","decl":{"start":{"line":55,"column":24},"end":{"line":55,"column":25}},"loc":{"start":{"line":55,"column":39},"end":{"line":72,"column":3}}},"8":{"name":"(anonymous_8)","decl":{"start":{"line":62,"column":17},"end":{"line":62,"column":18}},"loc":{"start":{"line":62,"column":31},"end":{"line":62,"column":47}}},"9":{"name":"(anonymous_9)","decl":{"start":{"line":69,"column":15},"end":{"line":69,"column":16}},"loc":{"start":{"line":69,"column":29},"end":{"line":69,"column":45}}},"10":{"name":"(anonymous_10)","decl":{"start":{"line":74,"column":20},"end":{"line":74,"column":23}},"loc":{"start":{"line":74,"column":25},"end":{"line":78,"column":3}}},"11":{"name":"(anonymous_11)","decl":{"start":{"line":80,"column":21},"end":{"line":80,"column":22}},"loc":{"start":{"line":80,"column":36},"end":{"line":84,"column":3}}},"12":{"name":"(anonymous_12)","decl":{"start":{"line":86,"column":23},"end":{"line":86,"column":24}},"loc":{"start":{"line":86,"column":38},"end":{"line":92,"column":3}}},"13":{"name":"(anonymous_13)","decl":{"start":{"line":89,"column":12},"end":{"line":89,"column":15}},"loc":{"start":{"line":89,"column":18},"end":{"line":89,"column":51}}},"14":{"name":"(anonymous_14)","decl":{"start":{"line":90,"column":13},"end":{"line":90,"column":14}},"loc":{"start":{"line":90,"column":27},"end":{"line":90,"column":43}}}},"branchMap":{"0":{"loc":{"start":{"line":14,"column":12},"end":{"line":14,"column":null}},"type":"binary-expr","locations":[{"start":{"line":14,"column":12},"end":{"line":14,"column":24}},{"start":{"line":14,"column":24},"end":{"line":14,"column":null}}]},"1":{"loc":{"start":{"line":56,"column":4},"end":{"line":71,"column":5}},"type":"if","locations":[{"start":{"line":56,"column":4},"end":{"line":71,"column":5}},{"start":{"line":65,"column":11},"end":{"line":71,"column":5}}]},"2":{"loc":{"start":{"line":58,"column":6},"end":{"line":64,"column":7}},"type":"if","locations":[{"start":{"line":58,"column":6},"end":{"line":64,"column":7}}]},"3":{"loc":{"start":{"line":65,"column":11},"end":{"line":71,"column":5}},"type":"if","locations":[{"start":{"line":65,"column":11},"end":{"line":71,"column":5}}]},"4":{"loc":{"start":{"line":113,"column":7},"end":{"line":121,"column":null}},"type":"binary-expr","locations":[{"start":{"line":113,"column":7},"end":{"line":113,"column":17}},{"start":{"line":114,"column":8},"end":{"line":120,"column":null}}]}},"s":{"0":2,"1":2,"2":2,"3":2,"4":2,"5":2,"6":2,"7":2,"8":2,"9":2,"10":2,"11":18,"12":17,"13":17,"14":17,"15":17,"16":17,"17":5,"18":17,"19":6,"20":6,"21":6,"22":0,"23":6,"24":17,"25":0,"26":0,"27":0,"28":0,"29":0,"30":0,"31":0,"32":0,"33":0,"34":0,"35":17,"36":1,"37":1,"38":1,"39":17,"40":1,"41":1,"42":1,"43":17,"44":1,"45":1,"46":1,"47":0,"48":17,"49":2},"f":{"0":2,"1":18,"2":5,"3":6,"4":6,"5":0,"6":6,"7":0,"8":0,"9":0,"10":1,"11":1,"12":1,"13":1,"14":0},"b":{"0":[2,2],"1":[0,0],"2":[0],"3":[0],"4":[17,2]}}
,"/Users/mitch/Desktop/Nology/mitch-spring-todolist/frontend/src/services/task-services.ts": {"path":"/Users/mitch/Desktop/Nology/mitch-spring-todolist/frontend/src/services/task-services.ts","statementMap":{"0":{"start":{"line":15,"column":27},"end":{"line":22,"column":1}},"1":{"start":{"line":16,"column":19},"end":{"line":16,"column":61}},"2":{"start":{"line":17,"column":2},"end":{"line":19,"column":3}},"3":{"start":{"line":18,"column":4},"end":{"line":18,"column":43}},"4":{"start":{"line":20,"column":15},"end":{"line":20,"column":36}},"5":{"start":{"line":21,"column":2},"end":{"line":21,"column":14}},"6":{"start":{"line":15,"column":13},"end":{"line":15,"column":27}},"7":{"start":{"line":24,"column":26},"end":{"line":35,"column":1}},"8":{"start":{"line":25,"column":19},"end":{"line":29,"column":4}},"9":{"start":{"line":30,"column":2},"end":{"line":32,"column":3}},"10":{"start":{"line":31,"column":4},"end":{"line":31,"column":45}},"11":{"start":{"line":34,"column":2},"end":{"line":34,"column":31}},"12":{"start":{"line":24,"column":13},"end":{"line":24,"column":26}},"13":{"start":{"line":37,"column":26},"end":{"line":48,"column":1}},"14":{"start":{"line":38,"column":19},"end":{"line":42,"column":4}},"15":{"start":{"line":43,"column":2},"end":{"line":45,"column":3}},"16":{"start":{"line":44,"column":4},"end":{"line":44,"column":45}},"17":{"start":{"line":47,"column":2},"end":{"line":47,"column":31}},"18":{"start":{"line":37,"column":13},"end":{"line":37,"column":26}},"19":{"start":{"line":50,"column":26},"end":{"line":54,"column":1}},"20":{"start":{"line":51,"column":2},"end":{"line":53,"column":24}},"21":{"start":{"line":52,"column":19},"end":{"line":52,"column":35}},"22":{"start":{"line":53,"column":17},"end":{"line":53,"column":22}},"23":{"start":{"line":50,"column":13},"end":{"line":50,"column":26}}},"fnMap":{"0":{"name":"(anonymous_0)","decl":{"start":{"line":15,"column":27},"end":{"line":15,"column":32}},"loc":{"start":{"line":15,"column":38},"end":{"line":22,"column":1}}},"1":{"name":"(anonymous_1)","decl":{"start":{"line":24,"column":26},"end":{"line":24,"column":31}},"loc":{"start":{"line":24,"column":57},"end":{"line":35,"column":1}}},"2":{"name":"(anonymous_2)","decl":{"start":{"line":37,"column":26},"end":{"line":37,"column":31}},"loc":{"start":{"line":37,"column":69},"end":{"line":48,"column":1}}},"3":{"name":"(anonymous_3)","decl":{"start":{"line":50,"column":26},"end":{"line":50,"column":31}},"loc":{"start":{"line":50,"column":47},"end":{"line":54,"column":1}}},"4":{"name":"(anonymous_4)","decl":{"start":{"line":52,"column":10},"end":{"line":52,"column":11}},"loc":{"start":{"line":52,"column":19},"end":{"line":52,"column":35}}},"5":{"name":"(anonymous_5)","decl":{"start":{"line":53,"column":11},"end":{"line":53,"column":14}},"loc":{"start":{"line":53,"column":17},"end":{"line":53,"column":22}}}},"branchMap":{"0":{"loc":{"start":{"line":17,"column":2},"end":{"line":19,"column":3}},"type":"if","locations":[{"start":{"line":17,"column":2},"end":{"line":19,"column":3}}]},"1":{"loc":{"start":{"line":30,"column":2},"end":{"line":32,"column":3}},"type":"if","locations":[{"start":{"line":30,"column":2},"end":{"line":32,"column":3}}]},"2":{"loc":{"start":{"line":43,"column":2},"end":{"line":45,"column":3}},"type":"if","locations":[{"start":{"line":43,"column":2},"end":{"line":45,"column":3}}]}},"s":{"0":1,"1":0,"2":0,"3":0,"4":0,"5":0,"6":1,"7":1,"8":0,"9":0,"10":0,"11":0,"12":1,"13":1,"14":0,"15":0,"16":0,"17":0,"18":1,"19":1,"20":0,"21":0,"22":0,"23":1},"f":{"0":0,"1":0,"2":0,"3":0,"4":0,"5":0},"b":{"0":[0],"1":[0],"2":[0]}}
}
