TN:
SF:src/components/TaskCard/TaskCard.tsx
FN:8,(anonymous_0)
FN:9,(anonymous_1)
FN:17,(anonymous_2)
FN:26,(anonymous_3)
FNF:4
FNH:4
FNDA:6,(anonymous_0)
FNDA:6,(anonymous_1)
FNDA:6,(anonymous_2)
FNDA:6,(anonymous_3)
DA:8,1
DA:9,6
DA:10,6
DA:11,6
DA:12,6
DA:14,0
DA:17,6
DA:18,6
DA:19,6
DA:20,6
DA:21,6
DA:23,0
DA:26,6
DA:27,6
DA:29,0
DA:31,0
DA:33,6
DA:35,0
DA:37,0
DA:39,0
DA:43,6
DA:56,1
LF:22
LH:15
BRDA:10,0,0,6
BRDA:18,1,0,6
BRDA:27,2,0,0
BRDA:27,2,1,0
BRDA:27,2,2,6
BRDA:27,2,3,0
BRDA:27,2,4,0
BRDA:27,2,5,0
BRF:8
BRH:3
end_of_record
TN:
SF:src/pages/TasksPage/TasksPage.tsx
FN:11,(anonymous_0)
FN:32,(anonymous_1)
FN:39,(anonymous_2)
FN:43,(anonymous_3)
FN:46,(anonymous_4)
FN:47,(anonymous_5)
FN:48,(anonymous_6)
FN:51,(anonymous_7)
FN:56,(anonymous_8)
FN:57,(anonymous_9)
FN:62,(anonymous_10)
FN:63,(anonymous_11)
FN:68,(anonymous_12)
FN:74,(anonymous_13)
FN:80,(anonymous_14)
FN:83,(anonymous_15)
FN:84,(anonymous_16)
FN:94,(anonymous_17)
FN:99,(anonymous_18)
FN:106,(anonymous_19)
FNF:20
FNH:13
FNDA:1,(anonymous_0)
FNDA:18,(anonymous_1)
FNDA:5,(anonymous_2)
FNDA:6,(anonymous_3)
FNDA:6,(anonymous_4)
FNDA:0,(anonymous_5)
FNDA:6,(anonymous_6)
FNDA:0,(anonymous_7)
FNDA:0,(anonymous_8)
FNDA:0,(anonymous_9)
FNDA:0,(anonymous_10)
FNDA:0,(anonymous_11)
FNDA:1,(anonymous_12)
FNDA:1,(anonymous_13)
FNDA:1,(anonymous_14)
FNDA:1,(anonymous_15)
FNDA:0,(anonymous_16)
FNDA:7,(anonymous_17)
FNDA:1,(anonymous_18)
FNDA:1,(anonymous_19)
DA:1,1
DA:2,1
DA:8,1
DA:9,1
DA:11,1
DA:12,1
DA:13,1
DA:24,1
DA:32,1
DA:33,18
DA:34,17
DA:35,17
DA:36,17
DA:37,17
DA:39,17
DA:40,5
DA:43,17
DA:44,6
DA:45,6
DA:46,6
DA:47,0
DA:48,6
DA:51,17
DA:52,0
DA:53,0
DA:54,0
DA:55,0
DA:56,0
DA:57,0
DA:60,0
DA:61,0
DA:62,0
DA:63,0
DA:68,17
DA:69,1
DA:70,1
DA:71,1
DA:74,17
DA:75,1
DA:76,1
DA:77,1
DA:80,17
DA:81,1
DA:82,1
DA:83,1
DA:84,0
DA:88,17
DA:95,7
DA:100,1
DA:106,1
DA:127,1
LF:51
LH:39
BRDA:11,0,0,1
BRDA:11,0,1,1
BRDA:52,1,0,0
BRDA:52,1,1,0
BRDA:54,2,0,0
BRDA:60,3,0,0
BRDA:93,4,0,17
BRDA:93,4,1,12
BRDA:113,5,0,17
BRDA:113,5,1,2
BRF:10
BRH:6
end_of_record
