TN:
SF:mocks/fileMock.js
FNF:0
FNH:0
DA:1,3
LF:1
LH:1
BRF:0
BRH:0
end_of_record
TN:
SF:src/components/EditTaskModal/EditTaskModal.tsx
FN:14,(anonymous_0)
FN:24,(anonymous_1)
FN:40,(anonymous_2)
FNF:3
FNH:2
FNDA:1,(anonymous_0)
FNDA:1,(anonymous_1)
FNDA:0,(anonymous_2)
DA:1,1
DA:2,1
DA:4,1
DA:14,1
DA:21,1
DA:22,1
DA:24,1
DA:25,1
DA:26,1
DA:27,1
DA:28,0
DA:29,0
DA:33,1
DA:40,0
DA:95,1
LF:15
LH:12
BRDA:26,0,0,1
BRDA:26,0,1,0
BRDA:26,1,0,1
BRDA:26,1,1,1
BRDA:28,2,0,0
BRF:5
BRH:3
end_of_record
TN:
SF:src/components/Header/Header.tsx
FN:3,(anonymous_0)
FNF:1
FNH:1
FNDA:16,(anonymous_0)
DA:1,2
DA:3,2
DA:4,16
DA:7,2
LF:4
LH:4
BRF:0
BRH:0
end_of_record
TN:
SF:src/components/TaskCard/TaskCard.tsx
FN:14,(anonymous_0)
FN:17,(anonymous_1)
FN:21,(anonymous_2)
FN:29,(anonymous_3)
FN:38,(anonymous_4)
FN:55,(anonymous_5)
FN:68,(anonymous_6)
FN:86,(anonymous_7)
FN:95,(anonymous_8)
FNF:9
FNH:8
FNDA:15,(anonymous_0)
FNDA:9,(anonymous_1)
FNDA:15,(anonymous_2)
FNDA:15,(anonymous_3)
FNDA:15,(anonymous_4)
FNDA:15,(anonymous_5)
FNDA:0,(anonymous_6)
FNDA:1,(anonymous_7)
FNDA:1,(anonymous_8)
DA:1,3
DA:3,3
DA:4,3
DA:5,3
DA:14,3
DA:15,15
DA:17,15
DA:18,9
DA:21,15
DA:22,15
DA:23,9
DA:24,9
DA:26,6
DA:29,15
DA:30,15
DA:31,9
DA:32,9
DA:33,9
DA:35,6
DA:38,15
DA:39,15
DA:41,1
DA:43,1
DA:45,10
DA:47,1
DA:49,1
DA:51,1
DA:55,15
DA:56,15
DA:57,15
DA:58,0
DA:60,15
DA:63,15
DA:69,0
DA:87,1
DA:95,1
DA:106,3
LF:37
LH:35
BRDA:22,0,0,9
BRDA:30,1,0,9
BRDA:39,2,0,1
BRDA:39,2,1,1
BRDA:39,2,2,10
BRDA:39,2,3,1
BRDA:39,2,4,1
BRDA:39,2,5,1
BRDA:57,3,0,0
BRF:9
BRH:8
end_of_record
TN:
SF:src/containers/TasksContainer/TasksContainer.tsx
FN:13,(anonymous_0)
FN:24,(anonymous_1)
FNF:2
FNH:2
FNDA:16,(anonymous_0)
FNDA:6,(anonymous_1)
DA:1,2
DA:3,2
DA:13,2
DA:20,16
DA:25,6
DA:39,2
LF:6
LH:6
BRDA:22,0,0,16
BRDA:22,0,1,10
BRDA:23,1,0,16
BRDA:23,1,1,11
BRF:4
BRH:4
end_of_record
TN:
SF:src/pages/TasksPage/TasksPage.tsx
FN:14,(anonymous_0)
FN:35,(anonymous_1)
FN:43,(anonymous_2)
FN:47,(anonymous_3)
FN:50,(anonymous_4)
FN:51,(anonymous_5)
FN:52,(anonymous_6)
FN:55,(anonymous_7)
FN:62,(anonymous_8)
FN:69,(anonymous_9)
FN:74,(anonymous_10)
FN:80,(anonymous_11)
FN:86,(anonymous_12)
FN:89,(anonymous_13)
FN:90,(anonymous_14)
FNF:15
FNH:10
FNDA:2,(anonymous_0)
FNDA:18,(anonymous_1)
FNDA:5,(anonymous_2)
FNDA:6,(anonymous_3)
FNDA:6,(anonymous_4)
FNDA:0,(anonymous_5)
FNDA:6,(anonymous_6)
FNDA:0,(anonymous_7)
FNDA:0,(anonymous_8)
FNDA:0,(anonymous_9)
FNDA:1,(anonymous_10)
FNDA:1,(anonymous_11)
FNDA:1,(anonymous_12)
FNDA:1,(anonymous_13)
FNDA:0,(anonymous_14)
DA:1,2
DA:2,2
DA:9,2
DA:10,2
DA:11,2
DA:12,2
DA:14,2
DA:15,2
DA:16,2
DA:27,2
DA:35,2
DA:36,18
DA:37,17
DA:38,17
DA:39,17
DA:40,17
DA:43,17
DA:44,5
DA:47,17
DA:48,6
DA:49,6
DA:50,6
DA:51,0
DA:52,6
DA:55,17
DA:56,0
DA:57,0
DA:58,0
DA:59,0
DA:60,0
DA:62,0
DA:65,0
DA:66,0
DA:67,0
DA:69,0
DA:74,17
DA:75,1
DA:76,1
DA:77,1
DA:80,17
DA:81,1
DA:82,1
DA:83,1
DA:86,17
DA:87,1
DA:88,1
DA:89,1
DA:90,0
DA:96,17
DA:127,2
LF:50
LH:38
BRDA:14,0,0,2
BRDA:14,0,1,2
BRDA:56,1,0,0
BRDA:56,1,1,0
BRDA:58,2,0,0
BRDA:65,3,0,0
BRDA:113,4,0,17
BRDA:113,4,1,2
BRF:8
BRH:4
end_of_record
TN:
SF:src/services/task-services.ts
FN:15,(anonymous_0)
FN:24,(anonymous_1)
FN:37,(anonymous_2)
FN:50,(anonymous_3)
FN:52,(anonymous_4)
FN:53,(anonymous_5)
FNF:6
FNH:0
FNDA:0,(anonymous_0)
FNDA:0,(anonymous_1)
FNDA:0,(anonymous_2)
FNDA:0,(anonymous_3)
FNDA:0,(anonymous_4)
FNDA:0,(anonymous_5)
DA:15,1
DA:16,0
DA:17,0
DA:18,0
DA:20,0
DA:21,0
DA:24,1
DA:25,0
DA:30,0
DA:31,0
DA:34,0
DA:37,1
DA:38,0
DA:43,0
DA:44,0
DA:47,0
DA:50,1
DA:51,0
DA:52,0
DA:53,0
LF:20
LH:4
BRDA:17,0,0,0
BRDA:30,1,0,0
BRDA:43,2,0,0
BRF:3
BRH:0
end_of_record
